Started GET "/" for 127.0.0.1 at 2017-10-27 16:44:38 -0700
Processing by Rails::WelcomeController#index as HTML
  Rendering /home/strap/.rbenv/versions/2.4.2/lib/ruby/gems/2.4.0/gems/railties-5.1.4/lib/rails/templates/rails/welcome/index.html.erb
  Rendered /home/strap/.rbenv/versions/2.4.2/lib/ruby/gems/2.4.0/gems/railties-5.1.4/lib/rails/templates/rails/welcome/index.html.erb (2.1ms)
Completed 200 OK in 152ms (Views: 4.3ms)


Started GET "/" for 127.0.0.1 at 2017-10-27 16:44:45 -0700
Processing by Rails::WelcomeController#index as HTML
  Rendering /home/strap/.rbenv/versions/2.4.2/lib/ruby/gems/2.4.0/gems/railties-5.1.4/lib/rails/templates/rails/welcome/index.html.erb
  Rendered /home/strap/.rbenv/versions/2.4.2/lib/ruby/gems/2.4.0/gems/railties-5.1.4/lib/rails/templates/rails/welcome/index.html.erb (4.6ms)
Completed 200 OK in 10ms (Views: 7.1ms)


Started GET "/" for 127.0.0.1 at 2017-10-27 16:45:08 -0700
Processing by Rails::WelcomeController#index as HTML
  Rendering /home/strap/.rbenv/versions/2.4.2/lib/ruby/gems/2.4.0/gems/railties-5.1.4/lib/rails/templates/rails/welcome/index.html.erb
  Rendered /home/strap/.rbenv/versions/2.4.2/lib/ruby/gems/2.4.0/gems/railties-5.1.4/lib/rails/templates/rails/welcome/index.html.erb (4.2ms)
Completed 200 OK in 8ms (Views: 5.8ms)


Started GET "/" for 127.0.0.1 at 2017-10-27 16:45:27 -0700
Processing by Rails::WelcomeController#index as HTML
  Rendering /home/strap/.rbenv/versions/2.4.2/lib/ruby/gems/2.4.0/gems/railties-5.1.4/lib/rails/templates/rails/welcome/index.html.erb
  Rendered /home/strap/.rbenv/versions/2.4.2/lib/ruby/gems/2.4.0/gems/railties-5.1.4/lib/rails/templates/rails/welcome/index.html.erb (2.0ms)
Completed 200 OK in 4ms (Views: 2.9ms)


Started GET "/" for 127.0.0.1 at 2017-10-27 16:59:43 -0700
  
ActiveRecord::PendingMigrationError (

Migrations are pending. To resolve this issue, run:

        bin/rails db:migrate RAILS_ENV=development

):
  
activerecord (5.1.4) lib/active_record/migration.rb:576:in `check_pending!'
activerecord (5.1.4) lib/active_record/migration.rb:553:in `call'
actionpack (5.1.4) lib/action_dispatch/middleware/callbacks.rb:26:in `block in call'
activesupport (5.1.4) lib/active_support/callbacks.rb:97:in `run_callbacks'
actionpack (5.1.4) lib/action_dispatch/middleware/callbacks.rb:24:in `call'
actionpack (5.1.4) lib/action_dispatch/middleware/executor.rb:12:in `call'
actionpack (5.1.4) lib/action_dispatch/middleware/debug_exceptions.rb:59:in `call'
web-console (3.5.1) lib/web_console/middleware.rb:135:in `call_app'
web-console (3.5.1) lib/web_console/middleware.rb:28:in `block in call'
web-console (3.5.1) lib/web_console/middleware.rb:18:in `catch'
web-console (3.5.1) lib/web_console/middleware.rb:18:in `call'
actionpack (5.1.4) lib/action_dispatch/middleware/show_exceptions.rb:31:in `call'
railties (5.1.4) lib/rails/rack/logger.rb:36:in `call_app'
railties (5.1.4) lib/rails/rack/logger.rb:24:in `block in call'
activesupport (5.1.4) lib/active_support/tagged_logging.rb:69:in `block in tagged'
activesupport (5.1.4) lib/active_support/tagged_logging.rb:26:in `tagged'
activesupport (5.1.4) lib/active_support/tagged_logging.rb:69:in `tagged'
railties (5.1.4) lib/rails/rack/logger.rb:24:in `call'
sprockets-rails (3.2.1) lib/sprockets/rails/quiet_assets.rb:13:in `call'
actionpack (5.1.4) lib/action_dispatch/middleware/remote_ip.rb:79:in `call'
actionpack (5.1.4) lib/action_dispatch/middleware/request_id.rb:25:in `call'
rack (2.0.3) lib/rack/method_override.rb:22:in `call'
rack (2.0.3) lib/rack/runtime.rb:22:in `call'
activesupport (5.1.4) lib/active_support/cache/strategy/local_cache_middleware.rb:27:in `call'
actionpack (5.1.4) lib/action_dispatch/middleware/executor.rb:12:in `call'
actionpack (5.1.4) lib/action_dispatch/middleware/static.rb:125:in `call'
rack (2.0.3) lib/rack/sendfile.rb:111:in `call'
railties (5.1.4) lib/rails/engine.rb:522:in `call'
puma (3.10.0) lib/puma/configuration.rb:225:in `call'
puma (3.10.0) lib/puma/server.rb:605:in `handle_request'
puma (3.10.0) lib/puma/server.rb:437:in `process_client'
puma (3.10.0) lib/puma/server.rb:301:in `block in run'
puma (3.10.0) lib/puma/thread_pool.rb:120:in `block in spawn_thread'
  [1m[35m (136.4ms)[0m  [1m[35mCREATE TABLE "schema_migrations" ("version" character varying NOT NULL PRIMARY KEY)[0m
  [1m[35m (127.6ms)[0m  [1m[35mCREATE TABLE "ar_internal_metadata" ("key" character varying NOT NULL PRIMARY KEY, "value" character varying, "created_at" timestamp NOT NULL, "updated_at" timestamp NOT NULL)[0m
  [1m[35m (0.5ms)[0m  [1m[34mSELECT pg_try_advisory_lock(7270952093529893580)[0m
  [1m[35m (1.4ms)[0m  [1m[34mSELECT "schema_migrations"."version" FROM "schema_migrations" ORDER BY "schema_migrations"."version" ASC[0m
Migrating to CreateHomes (20171027235912)
  [1m[35m (0.3ms)[0m  [1m[35mBEGIN[0m
  [1m[35m (65.4ms)[0m  [1m[35mCREATE TABLE "homes" ("id" bigserial primary key, "created_at" timestamp NOT NULL, "updated_at" timestamp NOT NULL)[0m
  [1m[35mSQL (0.7ms)[0m  [1m[32mINSERT INTO "schema_migrations" ("version") VALUES ($1) RETURNING "version"[0m  [["version", "20171027235912"]]
  [1m[35m (4.3ms)[0m  [1m[35mCOMMIT[0m
  [1m[36mActiveRecord::InternalMetadata Load (0.9ms)[0m  [1m[34mSELECT  "ar_internal_metadata".* FROM "ar_internal_metadata" WHERE "ar_internal_metadata"."key" = $1 LIMIT $2[0m  [["key", "environment"], ["LIMIT", 1]]
  [1m[35m (0.1ms)[0m  [1m[35mBEGIN[0m
  [1m[35mSQL (0.5ms)[0m  [1m[32mINSERT INTO "ar_internal_metadata" ("key", "value", "created_at", "updated_at") VALUES ($1, $2, $3, $4) RETURNING "key"[0m  [["key", "environment"], ["value", "development"], ["created_at", "2017-10-27 23:59:53.670227"], ["updated_at", "2017-10-27 23:59:53.670227"]]
  [1m[35m (4.8ms)[0m  [1m[35mCOMMIT[0m
  [1m[35m (0.4ms)[0m  [1m[34mSELECT pg_advisory_unlock(7270952093529893580)[0m
  [1m[35m (0.3ms)[0m  [1m[34mSELECT "schema_migrations"."version" FROM "schema_migrations" ORDER BY "schema_migrations"."version" ASC[0m
Started GET "/" for 127.0.0.1 at 2017-10-27 16:59:59 -0700
  [1m[35m (0.5ms)[0m  [1m[34mSELECT "schema_migrations"."version" FROM "schema_migrations" ORDER BY "schema_migrations"."version" ASC[0m
Processing by HomesController#index as HTML
  Rendering homes/index.html.erb within layouts/application
  [1m[36mHome Load (0.4ms)[0m  [1m[34mSELECT "homes".* FROM "homes"[0m
  Rendered homes/index.html.erb within layouts/application (127.8ms)
Completed 500 Internal Server Error in 136ms (ActiveRecord: 1.4ms)


  
ActionView::Template::Error (undefined local variable or method `new_home_path' for #<#<Class:0x00007f42948eac28>:0x00007f42948f6fc8>
Did you mean?  new_polymorphic_path):
    22: 
    23: <br>
    24: 
    25: <%= link_to 'New Home', new_home_path %>
  
app/views/homes/index.html.erb:25:in `_app_views_homes_index_html_erb___2030050239346610579_69961968475400'
Started GET "/" for 127.0.0.1 at 2017-10-27 17:00:52 -0700
Processing by HomesController#index as HTML
  Rendering homes/index.html.erb within layouts/application
  [1m[36mHome Load (0.2ms)[0m  [1m[34mSELECT "homes".* FROM "homes"[0m
  Rendered homes/index.html.erb within layouts/application (166.7ms)
Completed 500 Internal Server Error in 173ms (ActiveRecord: 0.2ms)


  
ActionView::Template::Error (undefined local variable or method `new_home_path' for #<#<Class:0x00005616af8f5b30>:0x00005616af8de9f8>
Did you mean?  new_polymorphic_path):
    22: 
    23: <br>
    24: 
    25: <%= link_to 'New Home', new_home_path %>
  
app/views/homes/index.html.erb:25:in `_app_views_homes_index_html_erb___2030050239346610579_47327717341100'
Started GET "/" for 127.0.0.1 at 2017-10-27 17:01:05 -0700
Processing by HomesController#index as HTML
  Rendering homes/index.html.erb within layouts/application
  [1m[36mHome Load (0.3ms)[0m  [1m[34mSELECT "homes".* FROM "homes"[0m
  Rendered homes/index.html.erb within layouts/application (148.9ms)
Completed 500 Internal Server Error in 151ms (ActiveRecord: 0.3ms)


  
ActionView::Template::Error (undefined local variable or method `new_home_path' for #<#<Class:0x00005616af8f5b30>:0x00007f429620f938>
Did you mean?  new_polymorphic_path):
    22: 
    23: <br>
    24: 
    25: <%= link_to 'New Home', new_home_path %>
  
app/views/homes/index.html.erb:25:in `_app_views_homes_index_html_erb___2030050239346610579_69961981731240'
Started GET "/" for 127.0.0.1 at 2017-10-27 17:02:29 -0700
Processing by HomesController#index as HTML
  Rendering homes/index.html.erb within layouts/application
  [1m[36mHome Load (0.3ms)[0m  [1m[34mSELECT "homes".* FROM "homes"[0m
  Rendered homes/index.html.erb within layouts/application (2.8ms)
Completed 200 OK in 339ms (Views: 336.6ms | ActiveRecord: 0.3ms)


Started GET "/" for 127.0.0.1 at 2017-10-27 17:02:36 -0700
Processing by HomesController#index as HTML
  Rendering homes/index.html.erb within layouts/application
  [1m[36mHome Load (0.2ms)[0m  [1m[34mSELECT "homes".* FROM "homes"[0m
  Rendered homes/index.html.erb within layouts/application (193.9ms)
Completed 500 Internal Server Error in 196ms (ActiveRecord: 0.2ms)


  
ActionView::Template::Error (undefined local variable or method `new_homes_path' for #<#<Class:0x00005616af8f5b30>:0x00007f429a135dd8>
Did you mean?  new_polymorphic_path):
    22: 
    23: <br>
    24: 
    25: <%= link_to 'New Home', new_homes_path %>
  
app/views/homes/index.html.erb:25:in `_app_views_homes_index_html_erb___2030050239346610579_69962014766040'
Started GET "/" for 127.0.0.1 at 2017-10-27 17:02:39 -0700
Processing by HomesController#index as HTML
  Rendering homes/index.html.erb within layouts/application
  [1m[36mHome Load (0.5ms)[0m  [1m[34mSELECT "homes".* FROM "homes"[0m
  Rendered homes/index.html.erb within layouts/application (224.9ms)
Completed 500 Internal Server Error in 228ms (ActiveRecord: 0.5ms)


  
ActionView::Template::Error (undefined local variable or method `new_home_path' for #<#<Class:0x00005616af8f5b30>:0x00007f4295312a70>
Did you mean?  new_polymorphic_path):
    22: 
    23: <br>
    24: 
    25: <%= link_to 'New Home', new_home_path %>
  
app/views/homes/index.html.erb:25:in `_app_views_homes_index_html_erb___2030050239346610579_69961973799460'
Started GET "/" for 127.0.0.1 at 2017-10-27 17:03:00 -0700
Processing by HomesController#index as HTML
  Rendering homes/index.html.erb within layouts/application
  [1m[36mHome Load (0.8ms)[0m  [1m[34mSELECT "homes".* FROM "homes"[0m
  Rendered homes/index.html.erb within layouts/application (182.1ms)
Completed 500 Internal Server Error in 188ms (ActiveRecord: 0.8ms)


  
ActionView::Template::Error (undefined local variable or method `new_home_path' for #<#<Class:0x00005616af8f5b30>:0x00007f429c476298>
Did you mean?  new_polymorphic_path):
    22: 
    23: <br>
    24: 
    25: <%= link_to 'New Home', new_home_path %>
  
app/views/homes/index.html.erb:25:in `_app_views_homes_index_html_erb___2030050239346610579_69962033247800'
  [1m[35m (0.1ms)[0m  [1m[34mSELECT pg_try_advisory_lock(7270952093529893580)[0m
  [1m[35m (0.3ms)[0m  [1m[34mSELECT "schema_migrations"."version" FROM "schema_migrations" ORDER BY "schema_migrations"."version" ASC[0m
  [1m[36mActiveRecord::InternalMetadata Load (0.2ms)[0m  [1m[34mSELECT  "ar_internal_metadata".* FROM "ar_internal_metadata" WHERE "ar_internal_metadata"."key" = $1 LIMIT $2[0m  [["key", "environment"], ["LIMIT", 1]]
  [1m[35m (0.1ms)[0m  [1m[35mBEGIN[0m
  [1m[35m (0.1ms)[0m  [1m[35mCOMMIT[0m
  [1m[35m (0.1ms)[0m  [1m[34mSELECT pg_advisory_unlock(7270952093529893580)[0m
  [1m[35m (0.1ms)[0m  [1m[34mSELECT "schema_migrations"."version" FROM "schema_migrations" ORDER BY "schema_migrations"."version" ASC[0m
  [1m[35m (0.1ms)[0m  [1m[34mSELECT pg_try_advisory_lock(7270952093529893580)[0m
  [1m[35m (0.3ms)[0m  [1m[34mSELECT "schema_migrations"."version" FROM "schema_migrations" ORDER BY "schema_migrations"."version" ASC[0m
  [1m[36mActiveRecord::InternalMetadata Load (0.2ms)[0m  [1m[34mSELECT  "ar_internal_metadata".* FROM "ar_internal_metadata" WHERE "ar_internal_metadata"."key" = $1 LIMIT $2[0m  [["key", "environment"], ["LIMIT", 1]]
  [1m[35m (0.1ms)[0m  [1m[35mBEGIN[0m
  [1m[35m (0.1ms)[0m  [1m[35mCOMMIT[0m
  [1m[35m (0.1ms)[0m  [1m[34mSELECT pg_advisory_unlock(7270952093529893580)[0m
  [1m[35m (0.2ms)[0m  [1m[34mSELECT "schema_migrations"."version" FROM "schema_migrations" ORDER BY "schema_migrations"."version" ASC[0m
  [1m[35m (0.1ms)[0m  [1m[34mSELECT pg_try_advisory_lock(7270952093529893580)[0m
  [1m[35m (0.3ms)[0m  [1m[34mSELECT "schema_migrations"."version" FROM "schema_migrations" ORDER BY "schema_migrations"."version" ASC[0m
  [1m[36mActiveRecord::InternalMetadata Load (0.2ms)[0m  [1m[34mSELECT  "ar_internal_metadata".* FROM "ar_internal_metadata" WHERE "ar_internal_metadata"."key" = $1 LIMIT $2[0m  [["key", "environment"], ["LIMIT", 1]]
  [1m[35m (0.1ms)[0m  [1m[35mBEGIN[0m
  [1m[35m (0.1ms)[0m  [1m[35mCOMMIT[0m
  [1m[35m (0.2ms)[0m  [1m[34mSELECT pg_advisory_unlock(7270952093529893580)[0m
  [1m[35m (0.1ms)[0m  [1m[34mSELECT "schema_migrations"."version" FROM "schema_migrations" ORDER BY "schema_migrations"."version" ASC[0m
  [1m[35m (0.1ms)[0m  [1m[34mSELECT pg_try_advisory_lock(7270952093529893580)[0m
  [1m[35m (0.3ms)[0m  [1m[34mSELECT "schema_migrations"."version" FROM "schema_migrations" ORDER BY "schema_migrations"."version" ASC[0m
  [1m[36mActiveRecord::InternalMetadata Load (0.2ms)[0m  [1m[34mSELECT  "ar_internal_metadata".* FROM "ar_internal_metadata" WHERE "ar_internal_metadata"."key" = $1 LIMIT $2[0m  [["key", "environment"], ["LIMIT", 1]]
  [1m[35m (0.1ms)[0m  [1m[35mBEGIN[0m
  [1m[35m (0.1ms)[0m  [1m[35mCOMMIT[0m
  [1m[35m (0.2ms)[0m  [1m[34mSELECT pg_advisory_unlock(7270952093529893580)[0m
  [1m[35m (0.1ms)[0m  [1m[34mSELECT "schema_migrations"."version" FROM "schema_migrations" ORDER BY "schema_migrations"."version" ASC[0m
  [1m[35m (0.1ms)[0m  [1m[34mSELECT pg_try_advisory_lock(7270952093529893580)[0m
  [1m[35m (0.3ms)[0m  [1m[34mSELECT "schema_migrations"."version" FROM "schema_migrations" ORDER BY "schema_migrations"."version" ASC[0m
  [1m[36mActiveRecord::InternalMetadata Load (0.1ms)[0m  [1m[34mSELECT  "ar_internal_metadata".* FROM "ar_internal_metadata" WHERE "ar_internal_metadata"."key" = $1 LIMIT $2[0m  [["key", "environment"], ["LIMIT", 1]]
  [1m[35m (0.1ms)[0m  [1m[35mBEGIN[0m
  [1m[35m (0.1ms)[0m  [1m[35mCOMMIT[0m
  [1m[35m (0.1ms)[0m  [1m[34mSELECT pg_advisory_unlock(7270952093529893580)[0m
  [1m[35m (0.1ms)[0m  [1m[34mSELECT "schema_migrations"."version" FROM "schema_migrations" ORDER BY "schema_migrations"."version" ASC[0m
Started GET "/pages/home" for 127.0.0.1 at 2017-10-27 18:02:25 -0700
Processing by PagesController#show as HTML
  Parameters: {"page"=>"home"}
  Rendering pages/home.html.erb within layouts/application
  Rendered pages/home.html.erb within layouts/application (0.4ms)
Completed 200 OK in 248ms (Views: 112.8ms)


Started GET "/" for 127.0.0.1 at 2017-10-27 18:12:30 -0700
Processing by PagesController#show as HTML
  Parameters: {"page"=>"home"}
  Rendering pages/home.html.erb within layouts/application
  Rendered pages/home.html.erb within layouts/application (0.3ms)
Completed 200 OK in 11ms (Views: 11.1ms)


Started GET "/" for 127.0.0.1 at 2017-10-27 18:14:19 -0700
Processing by PagesController#show as HTML
  Parameters: {"page"=>"home"}
  Rendering pages/home.html.erb within layouts/application
  Rendered pages/home.html.erb within layouts/application (0.4ms)
Completed 200 OK in 31ms (Views: 29.9ms)


Started GET "/" for 127.0.0.1 at 2017-10-27 18:14:43 -0700
Processing by PagesController#show as HTML
  Parameters: {"page"=>"home"}
  Rendering pages/home.html.erb within layouts/application
  Rendered pages/home.html.erb within layouts/application (0.2ms)
Completed 200 OK in 9ms (Views: 8.4ms)


Started GET "/" for 127.0.0.1 at 2017-10-27 18:17:17 -0700
Processing by PagesController#show as HTML
  Parameters: {"page"=>"home"}
  Rendering pages/home.html.erb within layouts/application
  Rendered pages/home.html.erb within layouts/application (0.7ms)
Completed 200 OK in 24ms (Views: 23.2ms)


Started GET "/" for 127.0.0.1 at 2017-10-27 18:24:24 -0700
Processing by PagesController#show as HTML
  Parameters: {"page"=>"home"}
  Rendering pages/home.html.erb within layouts/application
  Rendered pages/home.html.erb within layouts/application (1.1ms)
Completed 200 OK in 43ms (Views: 42.5ms)


  
ActionController::RoutingError (No route matches [GET] "/assets/bootstrap"):
  
actionpack (5.1.4) lib/action_dispatch/middleware/debug_exceptions.rb:63:in `call'
web-console (3.5.1) lib/web_console/middleware.rb:135:in `call_app'
web-console (3.5.1) lib/web_console/middleware.rb:28:in `block in call'
web-console (3.5.1) lib/web_console/middleware.rb:18:in `catch'
web-console (3.5.1) lib/web_console/middleware.rb:18:in `call'
actionpack (5.1.4) lib/action_dispatch/middleware/show_exceptions.rb:31:in `call'
railties (5.1.4) lib/rails/rack/logger.rb:36:in `call_app'
railties (5.1.4) lib/rails/rack/logger.rb:24:in `block in call'
activesupport (5.1.4) lib/active_support/tagged_logging.rb:69:in `block in tagged'
activesupport (5.1.4) lib/active_support/tagged_logging.rb:26:in `tagged'
activesupport (5.1.4) lib/active_support/tagged_logging.rb:69:in `tagged'
railties (5.1.4) lib/rails/rack/logger.rb:24:in `call'
sprockets-rails (3.2.1) lib/sprockets/rails/quiet_assets.rb:11:in `block in call'
activesupport (5.1.4) lib/active_support/logger_silence.rb:20:in `silence'
activesupport (5.1.4) lib/active_support/logger.rb:63:in `block (3 levels) in broadcast'
activesupport (5.1.4) lib/active_support/logger_silence.rb:20:in `silence'
activesupport (5.1.4) lib/active_support/logger.rb:61:in `block (2 levels) in broadcast'
sprockets-rails (3.2.1) lib/sprockets/rails/quiet_assets.rb:11:in `call'
actionpack (5.1.4) lib/action_dispatch/middleware/remote_ip.rb:79:in `call'
actionpack (5.1.4) lib/action_dispatch/middleware/request_id.rb:25:in `call'
rack (2.0.3) lib/rack/method_override.rb:22:in `call'
rack (2.0.3) lib/rack/runtime.rb:22:in `call'
activesupport (5.1.4) lib/active_support/cache/strategy/local_cache_middleware.rb:27:in `call'
actionpack (5.1.4) lib/action_dispatch/middleware/executor.rb:12:in `call'
actionpack (5.1.4) lib/action_dispatch/middleware/static.rb:125:in `call'
rack (2.0.3) lib/rack/sendfile.rb:111:in `call'
railties (5.1.4) lib/rails/engine.rb:522:in `call'
puma (3.10.0) lib/puma/configuration.rb:225:in `call'
puma (3.10.0) lib/puma/server.rb:605:in `handle_request'
puma (3.10.0) lib/puma/server.rb:437:in `process_client'
puma (3.10.0) lib/puma/server.rb:301:in `block in run'
puma (3.10.0) lib/puma/thread_pool.rb:120:in `block in spawn_thread'
Started GET "/" for 127.0.0.1 at 2017-10-27 18:25:13 -0700
Processing by PagesController#show as HTML
  Parameters: {"page"=>"home"}
  Rendering pages/home.html.erb within layouts/application
  Rendered pages/home.html.erb within layouts/application (1.1ms)
Completed 500 Internal Server Error in 21ms


  
ActionView::Template::Error (couldn't find file 'jquery3' with type 'application/javascript'
Checked in these paths: 
  /home/strap/Desktop/Nexus/app/assets/config
  /home/strap/Desktop/Nexus/app/assets/images
  /home/strap/Desktop/Nexus/app/assets/javascripts
  /home/strap/Desktop/Nexus/app/assets/stylesheets
  /home/strap/.rbenv/versions/2.4.2/lib/ruby/gems/2.4.0/gems/coffee-rails-4.2.2/lib/assets/javascripts
  /home/strap/.rbenv/versions/2.4.2/lib/ruby/gems/2.4.0/gems/actioncable-5.1.4/lib/assets/compiled
  /home/strap/.rbenv/versions/2.4.2/lib/ruby/gems/2.4.0/gems/actionview-5.1.4/lib/assets/compiled
  /home/strap/.rbenv/versions/2.4.2/lib/ruby/gems/2.4.0/gems/turbolinks-source-5.0.3/lib/assets/javascripts
  /home/strap/Desktop/Nexus/node_modules):
     5:     <%= csrf_meta_tags %>
     6:     <%= stylesheet_link_tag "https://maxcdn.bootstrapcdn.com/bootstrap/3.3.7/css/bootstrap.min.css" %>
     7:     <%= stylesheet_link_tag    'application', media: 'all', 'data-turbolinks-track': 'reload' %>
     8:     <%= javascript_include_tag 'application', 'data-turbolinks-track': 'reload' %>
     9:   </head>
    10: 
    11:   <body>
  
app/assets/javascripts/application.js:16
app/views/layouts/application.html.erb:8:in `_app_views_layouts_application_html_erb___12989231603746855_70184748927860'
app/controllers/pages_controller.rb:4:in `show'
Started GET "/" for 127.0.0.1 at 2017-10-27 18:25:30 -0700
Processing by PagesController#show as HTML
  Parameters: {"page"=>"home"}
  Rendering pages/home.html.erb within layouts/application
  Rendered pages/home.html.erb within layouts/application (1.2ms)
Completed 500 Internal Server Error in 19ms


  
ActionView::Template::Error (couldn't find file 'jquery3' with type 'application/javascript'
Checked in these paths: 
  /home/strap/Desktop/Nexus/app/assets/config
  /home/strap/Desktop/Nexus/app/assets/images
  /home/strap/Desktop/Nexus/app/assets/javascripts
  /home/strap/Desktop/Nexus/app/assets/stylesheets
  /home/strap/.rbenv/versions/2.4.2/lib/ruby/gems/2.4.0/gems/coffee-rails-4.2.2/lib/assets/javascripts
  /home/strap/.rbenv/versions/2.4.2/lib/ruby/gems/2.4.0/gems/actioncable-5.1.4/lib/assets/compiled
  /home/strap/.rbenv/versions/2.4.2/lib/ruby/gems/2.4.0/gems/actionview-5.1.4/lib/assets/compiled
  /home/strap/.rbenv/versions/2.4.2/lib/ruby/gems/2.4.0/gems/turbolinks-source-5.0.3/lib/assets/javascripts
  /home/strap/Desktop/Nexus/node_modules):
     5:     <%= csrf_meta_tags %>
     6:     <%= stylesheet_link_tag "https://maxcdn.bootstrapcdn.com/bootstrap/3.3.7/css/bootstrap.min.css" %>
     7:     <%= stylesheet_link_tag    'application', media: 'all', 'data-turbolinks-track': 'reload' %>
     8:     <%= javascript_include_tag 'application', 'data-turbolinks-track': 'reload' %>
     9:   </head>
    10: 
    11:   <body>
  
app/assets/javascripts/application.js:16
app/views/layouts/application.html.erb:8:in `_app_views_layouts_application_html_erb___12989231603746855_70184748408420'
app/controllers/pages_controller.rb:4:in `show'
  [1m[35m (0.1ms)[0m  [1m[34mSELECT pg_try_advisory_lock(7270952093529893580)[0m
  [1m[35m (0.3ms)[0m  [1m[34mSELECT "schema_migrations"."version" FROM "schema_migrations" ORDER BY "schema_migrations"."version" ASC[0m
  [1m[36mActiveRecord::InternalMetadata Load (0.1ms)[0m  [1m[34mSELECT  "ar_internal_metadata".* FROM "ar_internal_metadata" WHERE "ar_internal_metadata"."key" = $1 LIMIT $2[0m  [["key", "environment"], ["LIMIT", 1]]
  [1m[35m (0.1ms)[0m  [1m[35mBEGIN[0m
  [1m[35m (0.1ms)[0m  [1m[35mCOMMIT[0m
  [1m[35m (0.1ms)[0m  [1m[34mSELECT pg_advisory_unlock(7270952093529893580)[0m
  [1m[35m (0.2ms)[0m  [1m[34mSELECT "schema_migrations"."version" FROM "schema_migrations" ORDER BY "schema_migrations"."version" ASC[0m
Started GET "/" for 127.0.0.1 at 2017-10-27 18:26:39 -0700
Processing by PagesController#show as HTML
  Parameters: {"page"=>"home"}
  Rendering pages/home.html.erb within layouts/application
  Rendered pages/home.html.erb within layouts/application (0.7ms)
Completed 200 OK in 1138ms (Views: 1037.3ms)


Started GET "/" for 127.0.0.1 at 2017-10-27 20:10:59 -0700
Processing by PagesController#show as HTML
  Parameters: {"page"=>"home"}
  Rendering pages/home.html.erb within layouts/application
  Rendered pages/home.html.erb within layouts/application (0.7ms)
Completed 200 OK in 266ms (Views: 107.6ms)


